Traceback (most recent call last):
  File "/home/artemi/.local/lib/python3.10/site-packages/myst_nb/core/execute/inline.py", line 128, in code_cell_outputs
    self._client.execute_cell(
  File "/home/artemi/.local/lib/python3.10/site-packages/jupyter_core/utils/__init__.py", line 165, in wrapped
    return loop.run_until_complete(inner)
  File "/usr/lib/python3.10/asyncio/base_events.py", line 649, in run_until_complete
    return future.result()
  File "/home/artemi/.local/lib/python3.10/site-packages/nbclient/client.py", line 1062, in async_execute_cell
    await self._check_raise_for_error(cell, cell_index, exec_reply)
  File "/home/artemi/.local/lib/python3.10/site-packages/nbclient/client.py", line 918, in _check_raise_for_error
    raise CellExecutionError.from_cell_and_msg(cell, exec_reply_content)
nbclient.exceptions.CellExecutionError: An error occurred while executing the following cell:
------------------
def main(argv):
    print(argv)
    if len(argv) != 2: #if input is incorrect exit
        print("\033[91m input should be: python encrypt.py <keyword> <plaintext> \033[00m")
        sys.exit(0)

    keyword =  argv[0]
    plaintext = argv[1]

    print("\n-------------------------Reverse columnar transposition encryption-------------------------")
    print("Keyword: " + keyword)
    print("Plaintext: " + plaintext)

    keyword = keyword.upper() #capitalize all letters
    keyword = keyword.replace(" ","") #ignore whitespaces
    plaintext = plaintext.upper() #capitalize all letters
    plaintext = plaintext.replace(" ","") #ignore whitespaces

    grid = arrange_in_rows(keyword, plaintext) #arrange keyword and plaintext in rows row-wise in a grid
    print_grid("Original",grid) 
    
    transposed_grid = columnar_transposition(keyword, grid) #transpose the plaintext based on the keyword
    print_grid("Transposed", transposed_grid)
    
    transposed_grid.pop(0) #remove the keyword from the transposed grid to generate ciphertext
    ciphertext = generate_ciphertext(keyword, transposed_grid) #generate ciphertext from transposed grid by combining all columns from right to left
    print("\nCiphertext: "+ ciphertext)

if __name__ == "__main__":
    print(sys.argv[0])
    print(sys.argv[1])
    print(sys.argv[2])
    main(sys.argv[1:]) #excecute main when file runs as a script, only get keyword and plaintext input
------------------

----- stdout -----

PASSWORD
FAR OUT IN THE UNCHARTED BACKWATERS
['PASSWORD', 'FAR OUT IN THE UNCHARTED BACKWATERS', '--HistoryManager.hist_file=:memory:']
[91m input should be: python encrypt.py <keyword> <plaintext> [00m
----- stderr -----
/home/artemi/.local/lib/python3.10/site-packages/IPython/core/interactiveshell.py:3585: UserWarning: To exit: use 'exit', 'quit', or Ctrl-D.
  warn("To exit: use 'exit', 'quit', or Ctrl-D.", stacklevel=1)
------------------

An exception has occurred, use %tb to see the full traceback.

[0;31mSystemExit[0m[0;31m:[0m 0


